<?xml version="1.0" encoding="UTF-8"?>
<!-- Generated by org.testng.reporters.JUnitReportReporter -->
<testsuite skipped="0" hostname="sonalipat" name="Selenium.VSTS.Jmeter.TestCases.LoginTest" tests="1" failures="0" timestamp="20 Dec 2017 09:18:45 GMT" time="59.093" errors="0">
  <testcase name="login" time="59.093" classname="Selenium.VSTS.Jmeter.TestCases.LoginTest"/>
</testsuite> <!-- Selenium.VSTS.Jmeter.TestCases.LoginTest -->
